2026-06-09 13:48:54,236 | INFO | Período validado: 202509  (año=2025, mes=9)
2026-06-09 13:48:54,239 | INFO | Registros en archivo fuente: 4,247
2026-06-09 13:48:54,242 | INFO | Actualizando tabla 'transporte' (mes actual)...
2026-06-09 13:49:32,226 | INFO | Período validado: 202509  (año=2025, mes=9)
2026-06-09 13:49:32,229 | INFO | Registros en archivo fuente: 4,247
2026-06-09 13:49:32,233 | INFO | Actualizando tabla 'transporte' (mes actual)...
2026-06-09 13:50:53,537 | INFO | Período validado: 202509  (año=2025, mes=9)
2026-06-09 13:50:53,540 | INFO | Registros en archivo fuente: 4,247
2026-06-09 13:50:53,544 | INFO | Actualizando tabla 'transporte' (mes actual)...
2026-06-09 13:51:08,201 | INFO | [Azure] transporte actualizada (TRUNCATE+append)  (4,247 registros)
2026-06-09 13:51:09,129 | INFO | [Local] transporte actualizada (TRUNCATE+append)  (4,247 registros)
2026-06-09 13:51:09,132 | INFO | ✅ Tabla 'transporte' actualizada con 4,247 registros
2026-06-09 13:51:13,505 | INFO | ======================================================================
2026-06-09 13:51:13,507 | INFO | PASO 1: Obtener estructura de tabla SQL
2026-06-09 13:51:13,508 | INFO | ======================================================================
2026-06-09 13:51:14,465 | INFO | ✓ Esquemas Azure y Local son idénticos
2026-06-09 13:51:14,588 | INFO | ✓ Columna [activo] verificada en ambas bases
2026-06-09 13:51:14,595 | INFO | Columnas renombradas para coincidir con SQL: {'StandRe LoB': 'STANDRE LOB', 'StandRe detailed LoB': 'STANDRE DETAILED LOB', 'LoB-Inward': 'LOB-INWARD', 'Cumulative SALVAGE': 'CUMULATIVE SALVAGE', 'Cumulative EXPENSES PAID': 'CUMULATIVE EXPENSES PAID', 'Cumulative VALUATION EXPENSES': 'CUMULATIVE VALUATION EXPENSES', 'Cumulative CLAIMS PAID': 'CUMULATIVE CLAIMS PAID', 'Total Claims Paid Inward': 'TOTAL CLAIMS PAID INWARD', 'Total Claims Paid no Alae': 'TOTAL CLAIMS PAID NO ALAE', 'OSLR Inward': 'OSLR INWARD', 'Inward Incurred': 'INWARD INCURRED', 'Inward Incurred no Alae': 'INWARD INCURRED NO ALAE', 'UW Year': 'UW YEAR', 'Nat Cat': 'NAT CAT'}
2026-06-09 13:51:14,599 | INFO | ✓ Columnas válidas (intersección Excel∩SQL): 40
2026-06-09 13:51:14,601 | WARNING | Columnas solo en SQL (quedarán NULL en el insert): ['FLAG CONTA']
2026-06-09 13:51:14,602 | INFO | ======================================================================
2026-06-09 13:51:14,604 | INFO | PASO 2: Preparar datos del Excel
2026-06-09 13:51:14,606 | INFO | ======================================================================
2026-06-09 13:51:14,622 | INFO | ✓ 4,247 registros preparados con activo = 1
2026-06-09 13:51:14,626 | INFO | ======================================================================
2026-06-09 13:51:14,628 | INFO | PASO 3: Cargar datos a tabla temporal
2026-06-09 13:51:14,630 | INFO | ======================================================================
2026-06-09 13:51:15,557 | INFO | [Local] Tabla temporal creada con replace (4,247 registros)
2026-06-09 13:51:22,786 | INFO | [Azure] Tabla temporal creada con replace (4,247 registros)
2026-06-09 13:51:22,868 | WARNING | Mismatches de tipo detectados:
             COLUMN_NAME tipo_hist tipo_temp
           ACCIDENT YEAR       int    bigint
                  activo       int    bigint
            DATE OF LOSS      date  datetime
          DATE OF REPORT      date  datetime
               MES CARGA      date  datetime
  POLICY PERIOD END DATE      date  datetime
POLICY PERIOD START DATE      date  datetime
                 UW YEAR       int    bigint
     YEAR OF THE RESERVE       int    bigint
2026-06-09 13:51:22,874 | INFO | ======================================================================
2026-06-09 13:51:22,875 | INFO | PASO 4: Carga atómica en transportehist
2026-06-09 13:51:22,875 | INFO | ======================================================================
2026-06-09 13:51:22,936 | INFO | [Local] DELETE: 4,250 registros del período 202509 eliminados
2026-06-09 13:51:22,977 | INFO | [Local] Desactivados: 4,275 registros → activo=0
2026-06-09 13:51:23,052 | INFO | [Local] Insertados: 4,247 registros → activo=1
2026-06-09 13:51:23,101 | INFO | [Local] ✅ Transacción OK — antes=12,780  deleted=4,250  inserted=4,247  esperado_despues=12,777
2026-06-09 13:51:31,359 | INFO | [Azure] DELETE: 4,250 registros del período 202509 eliminados
2026-06-09 13:51:36,521 | INFO | [Azure] Desactivados: 4,275 registros → activo=0
2026-06-09 13:51:44,488 | INFO | [Azure] Insertados: 4,247 registros → activo=1
2026-06-09 13:51:44,895 | INFO | [Azure] ✅ Transacción OK — antes=12,780  deleted=4,250  inserted=4,247  esperado_despues=12,777
2026-06-09 13:51:44,954 | INFO | ======================================================================
2026-06-09 13:51:44,956 | INFO | RESUMEN FINAL
2026-06-09 13:51:44,957 | INFO | ======================================================================
2026-06-09 13:51:45,176 | INFO | transportehist Azure — distribución por activo:
2026-06-09 13:51:45,179 | INFO |    activo=1  →  4,247 registros  (MES ACTIVO (202509))
2026-06-09 13:51:45,182 | INFO |    activo=0  →  8,530 registros  (Histórico)
2026-06-09 13:51:45,206 | INFO | 🧹 Tabla temporal eliminada en Local
2026-06-09 13:51:45,336 | INFO | 🧹 Tabla temporal eliminada en Azure
2026-06-09 13:51:45,339 | INFO | ======================================================================
2026-06-09 13:52:03,009 | INFO | Período validado: 202510  (año=2025, mes=10)
2026-06-09 13:52:03,012 | INFO | Registros en archivo fuente: 4,252
2026-06-09 13:52:03,014 | INFO | Actualizando tabla 'transporte' (mes actual)...
2026-06-09 13:52:09,956 | INFO | [Azure] transporte actualizada (TRUNCATE+append)  (4,252 registros)
2026-06-09 13:52:10,674 | INFO | [Local] transporte actualizada (TRUNCATE+append)  (4,252 registros)
2026-06-09 13:52:10,676 | INFO | ✅ Tabla 'transporte' actualizada con 4,252 registros
2026-06-09 13:52:10,754 | INFO | ======================================================================
2026-06-09 13:52:10,756 | INFO | PASO 1: Obtener estructura de tabla SQL
2026-06-09 13:52:10,760 | INFO | ======================================================================
2026-06-09 13:52:11,397 | INFO | ✓ Esquemas Azure y Local son idénticos
2026-06-09 13:52:11,515 | INFO | ✓ Columna [activo] verificada en ambas bases
2026-06-09 13:52:11,521 | INFO | Columnas renombradas para coincidir con SQL: {'StandRe LoB': 'STANDRE LOB', 'StandRe detailed LoB': 'STANDRE DETAILED LOB', 'LoB-Inward': 'LOB-INWARD', 'Cumulative SALVAGE': 'CUMULATIVE SALVAGE', 'Cumulative EXPENSES PAID': 'CUMULATIVE EXPENSES PAID', 'Cumulative VALUATION EXPENSES': 'CUMULATIVE VALUATION EXPENSES', 'Cumulative CLAIMS PAID': 'CUMULATIVE CLAIMS PAID', 'Total Claims Paid Inward': 'TOTAL CLAIMS PAID INWARD', 'Total Claims Paid no Alae': 'TOTAL CLAIMS PAID NO ALAE', 'OSLR Inward': 'OSLR INWARD', 'Inward Incurred': 'INWARD INCURRED', 'Inward Incurred no Alae': 'INWARD INCURRED NO ALAE', 'UW Year': 'UW YEAR', 'Nat Cat': 'NAT CAT'}
2026-06-09 13:52:11,523 | INFO | ✓ Columnas válidas (intersección Excel∩SQL): 40
2026-06-09 13:52:11,526 | WARNING | Columnas solo en SQL (quedarán NULL en el insert): ['FLAG CONTA']
2026-06-09 13:52:11,528 | INFO | ======================================================================
2026-06-09 13:52:11,531 | INFO | PASO 2: Preparar datos del Excel
2026-06-09 13:52:11,533 | INFO | ======================================================================
2026-06-09 13:52:11,545 | INFO | ✓ 4,252 registros preparados con activo = 1
2026-06-09 13:52:11,548 | INFO | ======================================================================
2026-06-09 13:52:11,550 | INFO | PASO 3: Cargar datos a tabla temporal
2026-06-09 13:52:11,553 | INFO | ======================================================================
2026-06-09 13:52:12,591 | INFO | [Local] Tabla temporal creada con replace (4,252 registros)
2026-06-09 13:52:27,855 | INFO | Período validado: 202509  (año=2025, mes=9)
2026-06-09 13:52:27,857 | INFO | Registros en archivo fuente: 4,247
2026-06-09 13:52:27,860 | INFO | Actualizando tabla 'transporte' (mes actual)...
2026-06-09 13:52:34,136 | INFO | [Azure] transporte actualizada (TRUNCATE+append)  (4,247 registros)
2026-06-09 13:52:34,802 | INFO | [Local] transporte actualizada (TRUNCATE+append)  (4,247 registros)
2026-06-09 13:52:34,805 | INFO | ✅ Tabla 'transporte' actualizada con 4,247 registros
2026-06-09 13:52:34,868 | INFO | ======================================================================
2026-06-09 13:52:34,872 | INFO | PASO 1: Obtener estructura de tabla SQL
2026-06-09 13:52:34,874 | INFO | ======================================================================
2026-06-09 13:52:35,131 | INFO | ✓ Esquemas Azure y Local son idénticos
2026-06-09 13:52:35,247 | INFO | ✓ Columna [activo] verificada en ambas bases
2026-06-09 13:52:35,253 | INFO | Columnas renombradas para coincidir con SQL: {'StandRe LoB': 'STANDRE LOB', 'StandRe detailed LoB': 'STANDRE DETAILED LOB', 'LoB-Inward': 'LOB-INWARD', 'Cumulative SALVAGE': 'CUMULATIVE SALVAGE', 'Cumulative EXPENSES PAID': 'CUMULATIVE EXPENSES PAID', 'Cumulative VALUATION EXPENSES': 'CUMULATIVE VALUATION EXPENSES', 'Cumulative CLAIMS PAID': 'CUMULATIVE CLAIMS PAID', 'Total Claims Paid Inward': 'TOTAL CLAIMS PAID INWARD', 'Total Claims Paid no Alae': 'TOTAL CLAIMS PAID NO ALAE', 'OSLR Inward': 'OSLR INWARD', 'Inward Incurred': 'INWARD INCURRED', 'Inward Incurred no Alae': 'INWARD INCURRED NO ALAE', 'UW Year': 'UW YEAR', 'Nat Cat': 'NAT CAT'}
2026-06-09 13:52:35,256 | INFO | ✓ Columnas válidas (intersección Excel∩SQL): 40
2026-06-09 13:52:35,259 | WARNING | Columnas solo en SQL (quedarán NULL en el insert): ['FLAG CONTA']
2026-06-09 13:52:35,261 | INFO | ======================================================================
2026-06-09 13:52:35,262 | INFO | PASO 2: Preparar datos del Excel
2026-06-09 13:52:35,264 | INFO | ======================================================================
2026-06-09 13:52:35,283 | INFO | ✓ 4,247 registros preparados con activo = 1
2026-06-09 13:52:35,286 | INFO | ======================================================================
2026-06-09 13:52:35,289 | INFO | PASO 3: Cargar datos a tabla temporal
2026-06-09 13:52:35,293 | INFO | ======================================================================
2026-06-09 13:52:35,827 | INFO | [Local] Tabla temporal cargada con TRUNCATE+append (4,247 registros)
2026-06-09 13:52:42,094 | INFO | [Azure] Tabla temporal creada con replace (4,247 registros)
2026-06-09 13:52:42,190 | WARNING | Mismatches de tipo detectados:
             COLUMN_NAME tipo_hist tipo_temp
           ACCIDENT YEAR       int    bigint
                  activo       int    bigint
            DATE OF LOSS      date  datetime
          DATE OF REPORT      date  datetime
               MES CARGA      date  datetime
  POLICY PERIOD END DATE      date  datetime
POLICY PERIOD START DATE      date  datetime
                 UW YEAR       int    bigint
     YEAR OF THE RESERVE       int    bigint
2026-06-09 13:52:42,196 | INFO | ======================================================================
2026-06-09 13:52:42,198 | INFO | PASO 4: Carga atómica en transportehist
2026-06-09 13:52:42,200 | INFO | ======================================================================
2026-06-09 13:52:42,251 | INFO | [Local] DELETE: 4,247 registros del período 202509 eliminados
2026-06-09 13:52:42,276 | INFO | [Local] Desactivados: 0 registros → activo=0
2026-06-09 13:52:42,341 | INFO | [Local] Insertados: 4,247 registros → activo=1
2026-06-09 13:52:42,375 | INFO | [Local] ✅ Transacción OK — antes=12,777  deleted=4,247  inserted=4,247  esperado_despues=12,777
2026-06-09 13:52:49,890 | INFO | [Azure] DELETE: 4,247 registros del período 202509 eliminados
2026-06-09 13:52:49,964 | INFO | [Azure] Desactivados: 0 registros → activo=0
2026-06-09 13:52:57,462 | INFO | [Azure] Insertados: 4,247 registros → activo=1
2026-06-09 13:52:57,838 | INFO | [Azure] ✅ Transacción OK — antes=12,777  deleted=4,247  inserted=4,247  esperado_despues=12,777
2026-06-09 13:52:57,898 | INFO | ======================================================================
2026-06-09 13:52:57,899 | INFO | RESUMEN FINAL
2026-06-09 13:52:57,901 | INFO | ======================================================================
2026-06-09 13:52:58,122 | INFO | transportehist Azure — distribución por activo:
2026-06-09 13:52:58,125 | INFO |    activo=1  →  4,247 registros  (MES ACTIVO (202509))
2026-06-09 13:52:58,128 | INFO |    activo=0  →  8,530 registros  (Histórico)
2026-06-09 13:52:58,137 | INFO | 🧹 Tabla temporal eliminada en Local
2026-06-09 13:52:58,251 | INFO | 🧹 Tabla temporal eliminada en Azure
2026-06-09 13:52:58,253 | INFO | ======================================================================
2026-06-09 13:53:27,221 | INFO | Período validado: 202510  (año=2025, mes=10)
2026-06-09 13:53:27,224 | INFO | Registros en archivo fuente: 4,252
2026-06-09 13:53:27,226 | INFO | Actualizando tabla 'transporte' (mes actual)...
2026-06-09 13:53:33,966 | INFO | [Azure] transporte actualizada (TRUNCATE+append)  (4,252 registros)
2026-06-09 13:53:34,628 | INFO | [Local] transporte actualizada (TRUNCATE+append)  (4,252 registros)
2026-06-09 13:53:34,629 | INFO | ✅ Tabla 'transporte' actualizada con 4,252 registros
2026-06-09 13:53:34,696 | INFO | ======================================================================
2026-06-09 13:53:34,698 | INFO | PASO 1: Obtener estructura de tabla SQL
2026-06-09 13:53:34,701 | INFO | ======================================================================
2026-06-09 13:53:34,956 | INFO | ✓ Esquemas Azure y Local son idénticos
2026-06-09 13:53:35,072 | INFO | ✓ Columna [activo] verificada en ambas bases
2026-06-09 13:53:35,078 | INFO | Columnas renombradas para coincidir con SQL: {'StandRe LoB': 'STANDRE LOB', 'StandRe detailed LoB': 'STANDRE DETAILED LOB', 'LoB-Inward': 'LOB-INWARD', 'Cumulative SALVAGE': 'CUMULATIVE SALVAGE', 'Cumulative EXPENSES PAID': 'CUMULATIVE EXPENSES PAID', 'Cumulative VALUATION EXPENSES': 'CUMULATIVE VALUATION EXPENSES', 'Cumulative CLAIMS PAID': 'CUMULATIVE CLAIMS PAID', 'Total Claims Paid Inward': 'TOTAL CLAIMS PAID INWARD', 'Total Claims Paid no Alae': 'TOTAL CLAIMS PAID NO ALAE', 'OSLR Inward': 'OSLR INWARD', 'Inward Incurred': 'INWARD INCURRED', 'Inward Incurred no Alae': 'INWARD INCURRED NO ALAE', 'UW Year': 'UW YEAR', 'Nat Cat': 'NAT CAT'}
2026-06-09 13:53:35,080 | INFO | ✓ Columnas válidas (intersección Excel∩SQL): 40
2026-06-09 13:53:35,083 | WARNING | Columnas solo en SQL (quedarán NULL en el insert): ['FLAG CONTA']
2026-06-09 13:53:35,085 | INFO | ======================================================================
2026-06-09 13:53:35,087 | INFO | PASO 2: Preparar datos del Excel
2026-06-09 13:53:35,089 | INFO | ======================================================================
2026-06-09 13:53:35,099 | INFO | ✓ 4,252 registros preparados con activo = 1
2026-06-09 13:53:35,102 | INFO | ======================================================================
2026-06-09 13:53:35,105 | INFO | PASO 3: Cargar datos a tabla temporal
2026-06-09 13:53:35,107 | INFO | ======================================================================
2026-06-09 13:53:35,959 | INFO | [Local] Tabla temporal creada con replace (4,252 registros)
2026-06-09 13:53:47,018 | INFO | [Azure] Tabla temporal creada con replace (4,252 registros)
2026-06-09 13:53:47,105 | WARNING | Mismatches de tipo detectados:
             COLUMN_NAME tipo_hist tipo_temp
           ACCIDENT YEAR       int    bigint
                  activo       int    bigint
            DATE OF LOSS      date  datetime
          DATE OF REPORT      date  datetime
               MES CARGA      date  datetime
  POLICY PERIOD END DATE      date  datetime
POLICY PERIOD START DATE      date  datetime
                 UW YEAR       int    bigint
     YEAR OF THE RESERVE       int    bigint
2026-06-09 13:53:47,110 | INFO | ======================================================================
2026-06-09 13:53:47,113 | INFO | PASO 4: Carga atómica en transportehist
2026-06-09 13:53:47,115 | INFO | ======================================================================
2026-06-09 13:53:47,168 | INFO | [Local] DELETE: 4,255 registros del período 202510 eliminados
2026-06-09 13:53:47,211 | INFO | [Local] Desactivados: 4,247 registros → activo=0
2026-06-09 13:53:47,280 | INFO | [Local] Insertados: 4,252 registros → activo=1
2026-06-09 13:53:47,319 | INFO | [Local] ✅ Transacción OK — antes=12,777  deleted=4,255  inserted=4,252  esperado_despues=12,774
2026-06-09 13:53:54,179 | INFO | [Azure] DELETE: 4,255 registros del período 202510 eliminados
2026-06-09 13:53:58,583 | INFO | [Azure] Desactivados: 4,247 registros → activo=0
2026-06-09 13:54:06,325 | INFO | [Azure] Insertados: 4,252 registros → activo=1
2026-06-09 13:54:06,731 | INFO | [Azure] ✅ Transacción OK — antes=12,777  deleted=4,255  inserted=4,252  esperado_despues=12,774
2026-06-09 13:54:06,796 | INFO | ======================================================================
2026-06-09 13:54:06,798 | INFO | RESUMEN FINAL
2026-06-09 13:54:06,799 | INFO | ======================================================================
2026-06-09 13:54:07,188 | INFO | transportehist Azure — distribución por activo:
2026-06-09 13:54:07,191 | INFO |    activo=1  →  4,252 registros  (MES ACTIVO (202510))
2026-06-09 13:54:07,194 | INFO |    activo=0  →  8,522 registros  (Histórico)
2026-06-09 13:54:07,211 | INFO | 🧹 Tabla temporal eliminada en Local
2026-06-09 13:54:07,327 | INFO | 🧹 Tabla temporal eliminada en Azure
2026-06-09 13:54:07,329 | INFO | ======================================================================
2026-06-09 13:54:19,927 | INFO | Período validado: 202512  (año=2025, mes=12)
2026-06-09 13:54:19,929 | INFO | Registros en archivo fuente: 4,272
2026-06-09 13:54:19,931 | INFO | Actualizando tabla 'transporte' (mes actual)...
2026-06-09 13:54:27,232 | INFO | [Azure] transporte actualizada (TRUNCATE+append)  (4,272 registros)
2026-06-09 13:54:28,053 | INFO | [Local] transporte actualizada (TRUNCATE+append)  (4,272 registros)
2026-06-09 13:54:28,055 | INFO | ✅ Tabla 'transporte' actualizada con 4,272 registros
2026-06-09 13:54:28,116 | INFO | ======================================================================
2026-06-09 13:54:28,119 | INFO | PASO 1: Obtener estructura de tabla SQL
2026-06-09 13:54:28,121 | INFO | ======================================================================
2026-06-09 13:54:28,403 | INFO | ✓ Esquemas Azure y Local son idénticos
2026-06-09 13:54:28,520 | INFO | ✓ Columna [activo] verificada en ambas bases
2026-06-09 13:54:28,526 | INFO | Columnas renombradas para coincidir con SQL: {'StandRe LoB': 'STANDRE LOB', 'StandRe detailed LoB': 'STANDRE DETAILED LOB', 'LoB-Inward': 'LOB-INWARD', 'Cumulative SALVAGE': 'CUMULATIVE SALVAGE', 'Cumulative EXPENSES PAID': 'CUMULATIVE EXPENSES PAID', 'Cumulative VALUATION EXPENSES': 'CUMULATIVE VALUATION EXPENSES', 'Cumulative CLAIMS PAID': 'CUMULATIVE CLAIMS PAID', 'Total Claims Paid Inward': 'TOTAL CLAIMS PAID INWARD', 'Total Claims Paid no Alae': 'TOTAL CLAIMS PAID NO ALAE', 'OSLR Inward': 'OSLR INWARD', 'Inward Incurred': 'INWARD INCURRED', 'Inward Incurred no Alae': 'INWARD INCURRED NO ALAE', 'UW Year': 'UW YEAR', 'Nat Cat': 'NAT CAT'}
2026-06-09 13:54:28,529 | INFO | ✓ Columnas válidas (intersección Excel∩SQL): 40
2026-06-09 13:54:28,532 | WARNING | Columnas solo en SQL (quedarán NULL en el insert): ['FLAG CONTA']
2026-06-09 13:54:28,533 | INFO | ======================================================================
2026-06-09 13:54:28,535 | INFO | PASO 2: Preparar datos del Excel
2026-06-09 13:54:28,536 | INFO | ======================================================================
2026-06-09 13:54:28,550 | INFO | ✓ 4,272 registros preparados con activo = 1
2026-06-09 13:54:28,552 | INFO | ======================================================================
2026-06-09 13:54:28,555 | INFO | PASO 3: Cargar datos a tabla temporal
2026-06-09 13:54:28,557 | INFO | ======================================================================
2026-06-09 13:54:29,385 | INFO | [Local] Tabla temporal creada con replace (4,272 registros)
2026-06-09 13:54:35,515 | INFO | [Azure] Tabla temporal creada con replace (4,272 registros)
2026-06-09 13:54:35,614 | WARNING | Mismatches de tipo detectados:
             COLUMN_NAME tipo_hist tipo_temp
           ACCIDENT YEAR       int    bigint
                  activo       int    bigint
            DATE OF LOSS      date  datetime
          DATE OF REPORT      date  datetime
               MES CARGA      date  datetime
  POLICY PERIOD END DATE      date  datetime
POLICY PERIOD START DATE      date  datetime
                 UW YEAR       int    bigint
     YEAR OF THE RESERVE       int    bigint
2026-06-09 13:54:35,620 | INFO | ======================================================================
2026-06-09 13:54:35,621 | INFO | PASO 4: Carga atómica en transportehist
2026-06-09 13:54:35,623 | INFO | ======================================================================
2026-06-09 13:54:35,675 | INFO | [Local] DELETE: 4,275 registros del período 202512 eliminados
2026-06-09 13:54:35,722 | INFO | [Local] Desactivados: 4,252 registros → activo=0
2026-06-09 13:54:35,808 | INFO | [Local] Insertados: 4,272 registros → activo=1
2026-06-09 13:54:35,860 | INFO | [Local] ✅ Transacción OK — antes=12,774  deleted=4,275  inserted=4,272  esperado_despues=12,771
2026-06-09 13:54:43,163 | INFO | [Azure] DELETE: 4,275 registros del período 202512 eliminados
2026-06-09 13:54:48,103 | INFO | [Azure] Desactivados: 4,252 registros → activo=0
2026-06-09 13:54:56,072 | INFO | [Azure] Insertados: 4,272 registros → activo=1
2026-06-09 13:54:56,482 | INFO | [Azure] ✅ Transacción OK — antes=12,774  deleted=4,275  inserted=4,272  esperado_despues=12,771
2026-06-09 13:54:56,540 | INFO | ======================================================================
2026-06-09 13:54:56,542 | INFO | RESUMEN FINAL
2026-06-09 13:54:56,544 | INFO | ======================================================================
2026-06-09 13:54:56,768 | INFO | transportehist Azure — distribución por activo:
2026-06-09 13:54:56,771 | INFO |    activo=1  →  4,272 registros  (MES ACTIVO (202512))
2026-06-09 13:54:56,774 | INFO |    activo=0  →  8,499 registros  (Histórico)
2026-06-09 13:54:56,782 | INFO | 🧹 Tabla temporal eliminada en Local
2026-06-09 13:54:56,896 | INFO | 🧹 Tabla temporal eliminada en Azure
2026-06-09 13:54:56,898 | INFO | ======================================================================
2026-06-09 13:55:30,443 | INFO | Período validado: 202604  (año=2026, mes=4)
2026-06-09 13:55:30,446 | INFO | Registros en archivo fuente: 4,320
2026-06-09 13:55:30,449 | INFO | Actualizando tabla 'transporte' (mes actual)...
2026-06-09 13:55:36,862 | INFO | [Azure] transporte actualizada (TRUNCATE+append)  (4,320 registros)
2026-06-09 13:55:37,500 | INFO | [Local] transporte actualizada (TRUNCATE+append)  (4,320 registros)
2026-06-09 13:55:37,502 | INFO | ✅ Tabla 'transporte' actualizada con 4,320 registros
2026-06-09 13:55:37,568 | INFO | ======================================================================
2026-06-09 13:55:37,571 | INFO | PASO 1: Obtener estructura de tabla SQL
2026-06-09 13:55:37,573 | INFO | ======================================================================
2026-06-09 13:55:37,839 | INFO | ✓ Esquemas Azure y Local son idénticos
2026-06-09 13:55:37,954 | INFO | ✓ Columna [activo] verificada en ambas bases
2026-06-09 13:55:37,959 | INFO | Columnas renombradas para coincidir con SQL: {'StandRe LoB': 'STANDRE LOB', 'StandRe detailed LoB': 'STANDRE DETAILED LOB', 'LoB-Inward': 'LOB-INWARD', 'Cumulative SALVAGE': 'CUMULATIVE SALVAGE', 'Cumulative EXPENSES PAID': 'CUMULATIVE EXPENSES PAID', 'Cumulative VALUATION EXPENSES': 'CUMULATIVE VALUATION EXPENSES', 'Cumulative CLAIMS PAID': 'CUMULATIVE CLAIMS PAID', 'Total Claims Paid Inward': 'TOTAL CLAIMS PAID INWARD', 'Total Claims Paid no Alae': 'TOTAL CLAIMS PAID NO ALAE', 'OSLR Inward': 'OSLR INWARD', 'Inward Incurred': 'INWARD INCURRED', 'Inward Incurred no Alae': 'INWARD INCURRED NO ALAE', 'UW Year': 'UW YEAR', 'Nat Cat': 'NAT CAT'}
2026-06-09 13:55:37,961 | INFO | ✓ Columnas válidas (intersección Excel∩SQL): 40
2026-06-09 13:55:37,963 | WARNING | Columnas solo en SQL (quedarán NULL en el insert): ['FLAG CONTA']
2026-06-09 13:55:37,964 | INFO | ======================================================================
2026-06-09 13:55:37,966 | INFO | PASO 2: Preparar datos del Excel
2026-06-09 13:55:37,968 | INFO | ======================================================================
2026-06-09 13:55:37,978 | INFO | ✓ 4,320 registros preparados con activo = 1
2026-06-09 13:55:37,980 | INFO | ======================================================================
2026-06-09 13:55:37,981 | INFO | PASO 3: Cargar datos a tabla temporal
2026-06-09 13:55:37,983 | INFO | ======================================================================
2026-06-09 13:55:38,772 | INFO | [Local] Tabla temporal creada con replace (4,320 registros)
2026-06-09 13:55:45,064 | INFO | [Azure] Tabla temporal creada con replace (4,320 registros)
2026-06-09 13:55:45,159 | WARNING | Mismatches de tipo detectados:
             COLUMN_NAME tipo_hist tipo_temp
           ACCIDENT YEAR       int    bigint
                  activo       int    bigint
            DATE OF LOSS      date  datetime
          DATE OF REPORT      date  datetime
               MES CARGA      date  datetime
  POLICY PERIOD END DATE      date  datetime
POLICY PERIOD START DATE      date  datetime
                 UW YEAR       int    bigint
     YEAR OF THE RESERVE       int    bigint
2026-06-09 13:55:45,164 | INFO | ======================================================================
2026-06-09 13:55:45,166 | INFO | PASO 4: Carga atómica en transportehist
2026-06-09 13:55:45,168 | INFO | ======================================================================
2026-06-09 13:55:45,226 | INFO | [Local] Desactivados: 4,272 registros → activo=0
2026-06-09 13:55:45,297 | INFO | [Local] Insertados: 4,320 registros → activo=1
2026-06-09 13:55:45,356 | INFO | [Local] ✅ Transacción OK — antes=12,771  deleted=0  inserted=4,320  esperado_despues=17,091
2026-06-09 13:55:49,808 | INFO | [Azure] Desactivados: 4,272 registros → activo=0
2026-06-09 13:55:57,984 | INFO | [Azure] Insertados: 4,320 registros → activo=1
2026-06-09 13:55:58,845 | INFO | [Azure] ✅ Transacción OK — antes=12,771  deleted=0  inserted=4,320  esperado_despues=17,091
2026-06-09 13:55:58,905 | INFO | ======================================================================
2026-06-09 13:55:58,906 | INFO | RESUMEN FINAL
2026-06-09 13:55:58,908 | INFO | ======================================================================
2026-06-09 13:55:59,154 | INFO | transportehist Azure — distribución por activo:
2026-06-09 13:55:59,156 | INFO |    activo=1  →  4,320 registros  (MES ACTIVO (202604))
2026-06-09 13:55:59,157 | INFO |    activo=0  →  12,771 registros  (Histórico)
2026-06-09 13:55:59,164 | INFO | 🧹 Tabla temporal eliminada en Local
2026-06-09 13:55:59,285 | INFO | 🧹 Tabla temporal eliminada en Azure
2026-06-09 13:55:59,287 | INFO | ======================================================================
