2026-05-25 18:45:25,696 | INFO | Período validado: 202510  (año=2025, mes=10)
2026-05-25 18:45:25,699 | INFO | Registros en archivo fuente: 4,255
2026-05-25 18:45:25,701 | INFO | Actualizando tabla 'transporte' (mes actual)...
2026-05-25 18:45:33,084 | INFO | [Azure] transporte actualizada (TRUNCATE+append)  (4,255 registros)
2026-05-25 18:45:34,012 | INFO | [Local] transporte actualizada (TRUNCATE+append)  (4,255 registros)
2026-05-25 18:45:34,014 | INFO | ✅ Tabla 'transporte' actualizada con 4,255 registros
2026-05-25 18:45:34,091 | INFO | ======================================================================
2026-05-25 18:45:34,094 | INFO | PASO 1: Obtener estructura de tabla SQL
2026-05-25 18:45:34,096 | INFO | ======================================================================
2026-05-25 18:45:34,390 | INFO | ✓ Esquemas Azure y Local son idénticos
2026-05-25 18:45:34,510 | INFO | ✓ Columna [activo] verificada en ambas bases
2026-05-25 18:45:34,515 | INFO | Columnas renombradas para coincidir con SQL: {'StandRe LoB': 'STANDRE LOB', 'StandRe detailed LoB': 'STANDRE DETAILED LOB', 'LoB-Inward': 'LOB-INWARD', 'Cumulative SALVAGE': 'CUMULATIVE SALVAGE', 'Cumulative EXPENSES PAID': 'CUMULATIVE EXPENSES PAID', 'Cumulative VALUATION EXPENSES': 'CUMULATIVE VALUATION EXPENSES', 'Cumulative CLAIMS PAID': 'CUMULATIVE CLAIMS PAID', 'Total Claims Paid Inward': 'TOTAL CLAIMS PAID INWARD', 'Total Claims Paid no Alae': 'TOTAL CLAIMS PAID NO ALAE', 'OSLR Inward': 'OSLR INWARD', 'Inward Incurred': 'INWARD INCURRED', 'Inward Incurred no Alae': 'INWARD INCURRED NO ALAE', 'UW Year': 'UW YEAR', 'Nat Cat': 'NAT CAT'}
2026-05-25 18:45:34,516 | INFO | ✓ Columnas válidas (intersección Excel∩SQL): 41
2026-05-25 18:45:34,518 | INFO | ======================================================================
2026-05-25 18:45:34,522 | INFO | PASO 2: Preparar datos del Excel
2026-05-25 18:45:34,524 | INFO | ======================================================================
2026-05-25 18:45:34,537 | INFO | ✓ 4,255 registros preparados con activo = 1
2026-05-25 18:45:34,540 | INFO | ======================================================================
2026-05-25 18:45:34,543 | INFO | PASO 3: Cargar datos a tabla temporal
2026-05-25 18:45:34,545 | INFO | ======================================================================
2026-05-25 18:45:35,433 | INFO | [Local] Tabla temporal creada con replace (4,255 registros)
2026-05-25 18:45:41,516 | INFO | [Azure] Tabla temporal creada con replace (4,255 registros)
2026-05-25 18:45:41,654 | WARNING | Mismatches de tipo detectados:
             COLUMN_NAME tipo_hist tipo_temp
           ACCIDENT YEAR       int    bigint
                  activo       int    bigint
            DATE OF LOSS      date  datetime
          DATE OF REPORT      date  datetime
              FLAG CONTA     float    bigint
               MES CARGA      date  datetime
  POLICY PERIOD END DATE      date  datetime
POLICY PERIOD START DATE      date  datetime
                 UW YEAR       int    bigint
     YEAR OF THE RESERVE       int    bigint
2026-05-25 18:45:41,663 | INFO | ======================================================================
2026-05-25 18:45:41,666 | INFO | PASO 4: Carga atómica en transportehist
2026-05-25 18:45:41,669 | INFO | ======================================================================
2026-05-25 18:45:41,744 | INFO | [Local] DELETE: 2,834 registros del período 202510 eliminados
2026-05-25 18:45:41,784 | INFO | [Local] Desactivados: 4,250 registros → activo=0
2026-05-25 18:45:41,880 | INFO | [Local] Insertados: 4,255 registros → activo=1
2026-05-25 18:45:41,922 | INFO | [Local] ✅ Transacción OK — antes=9,938  deleted=2,834  inserted=4,255  esperado_despues=11,359
2026-05-25 18:45:47,289 | INFO | [Azure] DELETE: 2,834 registros del período 202510 eliminados
2026-05-25 18:45:52,711 | INFO | [Azure] Desactivados: 4,250 registros → activo=0
2026-05-25 18:46:00,256 | INFO | [Azure] Insertados: 4,255 registros → activo=1
2026-05-25 18:46:00,355 | INFO | [Azure] ✅ Transacción OK — antes=9,938  deleted=2,834  inserted=4,255  esperado_despues=11,359
2026-05-25 18:46:00,414 | INFO | ======================================================================
2026-05-25 18:46:00,416 | INFO | RESUMEN FINAL
2026-05-25 18:46:00,419 | INFO | ======================================================================
2026-05-25 18:46:00,646 | INFO | transportehist Azure — distribución por activo:
2026-05-25 18:46:00,649 | INFO |    activo=1  →  4,255 registros  (MES ACTIVO (202510))
2026-05-25 18:46:00,651 | INFO |    activo=0  →  7,104 registros  (Histórico)
2026-05-25 18:46:00,667 | INFO | 🧹 Tabla temporal eliminada en Local
2026-05-25 18:46:00,786 | INFO | 🧹 Tabla temporal eliminada en Azure
2026-05-25 18:46:00,789 | INFO | ======================================================================
2026-05-25 19:14:07,738 | INFO | Período validado: 202512  (año=2025, mes=12)
2026-05-25 19:14:07,740 | INFO | Registros en archivo fuente: 4,275
2026-05-25 19:14:07,742 | INFO | Actualizando tabla 'transporte' (mes actual)...
2026-05-25 19:14:15,195 | INFO | [Azure] transporte actualizada (TRUNCATE+append)  (4,275 registros)
2026-05-25 19:14:15,970 | INFO | [Local] transporte actualizada (TRUNCATE+append)  (4,275 registros)
2026-05-25 19:14:15,972 | INFO | ✅ Tabla 'transporte' actualizada con 4,275 registros
2026-05-25 19:14:16,044 | INFO | ======================================================================
2026-05-25 19:14:16,047 | INFO | PASO 1: Obtener estructura de tabla SQL
2026-05-25 19:14:16,049 | INFO | ======================================================================
2026-05-25 19:14:16,348 | INFO | ✓ Esquemas Azure y Local son idénticos
2026-05-25 19:14:16,471 | INFO | ✓ Columna [activo] verificada en ambas bases
2026-05-25 19:14:16,477 | INFO | Columnas renombradas para coincidir con SQL: {'StandRe LoB': 'STANDRE LOB', 'StandRe detailed LoB': 'STANDRE DETAILED LOB', 'LoB-Inward': 'LOB-INWARD', 'Cumulative SALVAGE': 'CUMULATIVE SALVAGE', 'Cumulative EXPENSES PAID': 'CUMULATIVE EXPENSES PAID', 'Cumulative VALUATION EXPENSES': 'CUMULATIVE VALUATION EXPENSES', 'Cumulative CLAIMS PAID': 'CUMULATIVE CLAIMS PAID', 'Total Claims Paid Inward': 'TOTAL CLAIMS PAID INWARD', 'Total Claims Paid no Alae': 'TOTAL CLAIMS PAID NO ALAE', 'OSLR Inward': 'OSLR INWARD', 'Inward Incurred': 'INWARD INCURRED', 'Inward Incurred no Alae': 'INWARD INCURRED NO ALAE', 'UW Year': 'UW YEAR', 'Nat Cat': 'NAT CAT'}
2026-05-25 19:14:16,480 | INFO | ✓ Columnas válidas (intersección Excel∩SQL): 41
2026-05-25 19:14:16,482 | INFO | ======================================================================
2026-05-25 19:14:16,484 | INFO | PASO 2: Preparar datos del Excel
2026-05-25 19:14:16,485 | INFO | ======================================================================
2026-05-25 19:14:16,498 | INFO | ✓ 4,275 registros preparados con activo = 1
2026-05-25 19:14:16,500 | INFO | ======================================================================
2026-05-25 19:14:16,501 | INFO | PASO 3: Cargar datos a tabla temporal
2026-05-25 19:14:16,503 | INFO | ======================================================================
2026-05-25 19:14:17,499 | INFO | [Local] Tabla temporal creada con replace (4,275 registros)
2026-05-25 19:14:24,671 | INFO | [Azure] Tabla temporal creada con replace (4,275 registros)
2026-05-25 19:14:24,792 | WARNING | Mismatches de tipo detectados:
             COLUMN_NAME tipo_hist tipo_temp
           ACCIDENT YEAR       int    bigint
                  activo       int    bigint
            DATE OF LOSS      date  datetime
          DATE OF REPORT      date  datetime
              FLAG CONTA     float    bigint
               MES CARGA      date  datetime
  POLICY PERIOD END DATE      date  datetime
POLICY PERIOD START DATE      date  datetime
                 UW YEAR       int    bigint
     YEAR OF THE RESERVE       int    bigint
2026-05-25 19:14:24,797 | INFO | ======================================================================
2026-05-25 19:14:24,799 | INFO | PASO 4: Carga atómica en transportehist
2026-05-25 19:14:24,801 | INFO | ======================================================================
2026-05-25 19:14:24,851 | INFO | [Local] DELETE: 2,854 registros del período 202512 eliminados
2026-05-25 19:14:24,898 | INFO | [Local] Desactivados: 4,255 registros → activo=0
2026-05-25 19:14:24,972 | INFO | [Local] Insertados: 4,275 registros → activo=1
2026-05-25 19:14:25,010 | INFO | [Local] ✅ Transacción OK — antes=11,359  deleted=2,854  inserted=4,275  esperado_despues=12,780
2026-05-25 19:14:30,267 | INFO | [Azure] DELETE: 2,854 registros del período 202512 eliminados
2026-05-25 19:14:34,920 | INFO | [Azure] Desactivados: 4,255 registros → activo=0
2026-05-25 19:14:42,489 | INFO | [Azure] Insertados: 4,275 registros → activo=1
2026-05-25 19:14:42,761 | INFO | [Azure] ✅ Transacción OK — antes=11,359  deleted=2,854  inserted=4,275  esperado_despues=12,780
2026-05-25 19:14:42,824 | INFO | ======================================================================
2026-05-25 19:14:42,826 | INFO | RESUMEN FINAL
2026-05-25 19:14:42,828 | INFO | ======================================================================
2026-05-25 19:14:43,064 | INFO | transportehist Azure — distribución por activo:
2026-05-25 19:14:43,071 | INFO |    activo=1  →  4,275 registros  (MES ACTIVO (202512))
2026-05-25 19:14:43,074 | INFO |    activo=0  →  8,505 registros  (Histórico)
2026-05-25 19:14:43,092 | INFO | 🧹 Tabla temporal eliminada en Local
2026-05-25 19:14:43,214 | INFO | 🧹 Tabla temporal eliminada en Azure
2026-05-25 19:14:43,219 | INFO | ======================================================================
